<?xml version="1.0" encoding="UTF-8"?>
<coverage generated="1707875924937" clover="3.2.0">
  <project timestamp="1707875924937" name="All files">
    <metrics statements="30" coveredstatements="30" conditionals="17" coveredconditionals="17" methods="6" coveredmethods="6" elements="53" coveredelements="53" complexity="0" loc="30" ncloc="30" packages="1" files="2" classes="2"/>
    <file name="cellsManipulator.ts" path="E:\Projects\minesweeper\src\helpers\cellsManipulator.ts">
      <metrics statements="12" coveredstatements="12" conditionals="8" coveredconditionals="8" methods="3" coveredmethods="3"/>
      <line num="3" count="2" type="stmt"/>
      <line num="4" count="319" type="cond" truecount="4" falsecount="0"/>
      <line num="6" count="2" type="stmt"/>
      <line num="9" count="41" type="stmt"/>
      <line num="20" count="2" type="stmt"/>
      <line num="21" count="39" type="stmt"/>
      <line num="23" count="39" type="stmt"/>
      <line num="24" count="312" type="cond" truecount="2" falsecount="0"/>
      <line num="25" count="221" type="stmt"/>
      <line num="26" count="221" type="stmt"/>
      <line num="28" count="221" type="cond" truecount="2" falsecount="0"/>
      <line num="32" count="39" type="stmt"/>
    </file>
    <file name="field.ts" path="E:\Projects\minesweeper\src\helpers\field.ts">
      <metrics statements="18" coveredstatements="18" conditionals="9" coveredconditionals="9" methods="3" coveredmethods="3"/>
      <line num="7" count="2" type="stmt"/>
      <line num="15" count="2" type="stmt"/>
      <line num="18" count="24" type="stmt"/>
      <line num="20" count="2" type="stmt"/>
      <line num="21" count="7" type="cond" truecount="4" falsecount="0"/>
      <line num="22" count="2" type="stmt"/>
      <line num="24" count="5" type="stmt"/>
      <line num="25" count="5" type="stmt"/>
      <line num="27" count="5" type="stmt"/>
      <line num="29" count="5" type="stmt"/>
      <line num="30" count="16" type="stmt"/>
      <line num="31" count="110" type="cond" truecount="2" falsecount="0"/>
      <line num="33" count="107" type="cond" truecount="2" falsecount="0"/>
      <line num="34" count="32" type="stmt"/>
      <line num="35" count="32" type="stmt"/>
      <line num="36" count="32" type="stmt"/>
      <line num="39" count="107" type="stmt"/>
      <line num="43" count="2" type="stmt"/>
    </file>
  </project>
</coverage>
