<?xml version="1.0" encoding="UTF-8"?>
<coverage generated="1699326346632" clover="3.2.0">
  <project timestamp="1699326346632" name="All files">
    <metrics statements="30" coveredstatements="30" conditionals="17" coveredconditionals="17" methods="7" coveredmethods="7" elements="54" coveredelements="54" complexity="0" loc="30" ncloc="30" packages="2" files="3" classes="3"/>
    <package name="src">
      <metrics statements="1" coveredstatements="1" conditionals="0" coveredconditionals="0" methods="1" coveredmethods="1"/>
      <file name="mathFunctions.ts" path="/Users/v_petrovskyi/coding/minesweeper/src/mathFunctions.ts">
        <metrics statements="1" coveredstatements="1" conditionals="0" coveredconditionals="0" methods="1" coveredmethods="1"/>
        <line num="1" count="1" type="stmt"/>
      </file>
    </package>
    <package name="src.helpers">
      <metrics statements="29" coveredstatements="29" conditionals="17" coveredconditionals="17" methods="6" coveredmethods="6"/>
      <file name="cellsManipulator.ts" path="/Users/v_petrovskyi/coding/minesweeper/src/helpers/cellsManipulator.ts">
        <metrics statements="11" coveredstatements="11" conditionals="8" coveredconditionals="8" methods="3" coveredmethods="3"/>
        <line num="3" count="2" type="stmt"/>
        <line num="4" count="319" type="cond" truecount="4" falsecount="0"/>
        <line num="6" count="41" type="stmt"/>
        <line num="17" count="2" type="stmt"/>
        <line num="18" count="39" type="stmt"/>
        <line num="20" count="39" type="stmt"/>
        <line num="21" count="312" type="cond" truecount="2" falsecount="0"/>
        <line num="22" count="227" type="stmt"/>
        <line num="23" count="227" type="stmt"/>
        <line num="25" count="227" type="cond" truecount="2" falsecount="0"/>
        <line num="29" count="39" type="stmt"/>
      </file>
      <file name="field.ts" path="/Users/v_petrovskyi/coding/minesweeper/src/helpers/field.ts">
        <metrics statements="18" coveredstatements="18" conditionals="9" coveredconditionals="9" methods="3" coveredmethods="3"/>
        <line num="7" count="2" type="stmt"/>
        <line num="15" count="2" type="cond" truecount="1" falsecount="0"/>
        <line num="16" count="24" type="stmt"/>
        <line num="18" count="2" type="stmt"/>
        <line num="19" count="7" type="cond" truecount="4" falsecount="0"/>
        <line num="20" count="2" type="stmt"/>
        <line num="22" count="5" type="stmt"/>
        <line num="23" count="5" type="stmt"/>
        <line num="25" count="5" type="stmt"/>
        <line num="27" count="5" type="stmt"/>
        <line num="28" count="16" type="stmt"/>
        <line num="29" count="106" type="cond" truecount="2" falsecount="0"/>
        <line num="31" count="103" type="cond" truecount="2" falsecount="0"/>
        <line num="32" count="32" type="stmt"/>
        <line num="33" count="32" type="stmt"/>
        <line num="34" count="32" type="stmt"/>
        <line num="37" count="103" type="stmt"/>
        <line num="41" count="2" type="stmt"/>
      </file>
    </package>
  </project>
</coverage>
