{"E:\\Projects\\minesweeper\\src\\helpers\\cellsManipulator.ts": {"path":"E:\\Projects\\minesweeper\\src\\helpers\\cellsManipulator.ts","statementMap":{"0":{"start":{"line":3,"column":32},"end":{"line":4,"column":54}},"1":{"start":{"line":4,"column":2},"end":{"line":4,"column":54}},"2":{"start":{"line":6,"column":32},"end":{"line":18,"column":2}},"3":{"start":{"line":9,"column":6},"end":{"line":18,"column":1}},"4":{"start":{"line":20,"column":34},"end":{"line":33,"column":1}},"5":{"start":{"line":21,"column":16},"end":{"line":21,"column":40}},"6":{"start":{"line":23,"column":2},"end":{"line":30,"column":3}},"7":{"start":{"line":24,"column":4},"end":{"line":29,"column":5}},"8":{"start":{"line":25,"column":21},"end":{"line":25,"column":25}},"9":{"start":{"line":26,"column":19},"end":{"line":26,"column":30}},"10":{"start":{"line":28,"column":6},"end":{"line":28,"column":70}},"11":{"start":{"line":28,"column":37},"end":{"line":28,"column":70}},"12":{"start":{"line":32,"column":2},"end":{"line":32,"column":15}}},"fnMap":{"0":{"name":"(anonymous_0)","decl":{"start":{"line":3,"column":32},"end":{"line":3,"column":33}},"loc":{"start":{"line":4,"column":2},"end":{"line":4,"column":54}},"line":4},"1":{"name":"(anonymous_1)","decl":{"start":{"line":6,"column":32},"end":{"line":6,"column":33}},"loc":{"start":{"line":9,"column":6},"end":{"line":18,"column":1}},"line":9},"2":{"name":"(anonymous_2)","decl":{"start":{"line":20,"column":34},"end":{"line":20,"column":35}},"loc":{"start":{"line":20,"column":75},"end":{"line":33,"column":1}},"line":20}},"branchMap":{"0":{"loc":{"start":{"line":4,"column":2},"end":{"line":4,"column":54}},"type":"binary-expr","locations":[{"start":{"line":4,"column":2},"end":{"line":4,"column":8}},{"start":{"line":4,"column":12},"end":{"line":4,"column":18}},{"start":{"line":4,"column":22},"end":{"line":4,"column":36}},{"start":{"line":4,"column":40},"end":{"line":4,"column":54}}],"line":4},"1":{"loc":{"start":{"line":24,"column":4},"end":{"line":29,"column":5}},"type":"if","locations":[{"start":{"line":24,"column":4},"end":{"line":29,"column":5}},{"start":{},"end":{}}],"line":24},"2":{"loc":{"start":{"line":28,"column":6},"end":{"line":28,"column":70}},"type":"if","locations":[{"start":{"line":28,"column":6},"end":{"line":28,"column":70}},{"start":{},"end":{}}],"line":28}},"s":{"0":2,"1":319,"2":2,"3":41,"4":2,"5":39,"6":39,"7":312,"8":221,"9":221,"10":221,"11":194,"12":39},"f":{"0":319,"1":41,"2":39},"b":{"0":[319,286,252,230],"1":[221,91],"2":[194,27]},"_coverageSchema":"1a1c01bbd47fc00a2c39e90264f33305004495a9","hash":"2a3347842b68f7d81283e17c31aff3f03118a735"}
,"E:\\Projects\\minesweeper\\src\\helpers\\field.ts": {"path":"E:\\Projects\\minesweeper\\src\\helpers\\field.ts","statementMap":{"0":{"start":{"line":7,"column":47},"end":{"line":13,"column":1}},"1":{"start":{"line":15,"column":35},"end":{"line":18,"column":77}},"2":{"start":{"line":18,"column":12},"end":{"line":18,"column":77}},"3":{"start":{"line":18,"column":49},"end":{"line":18,"column":76}},"4":{"start":{"line":20,"column":30},"end":{"line":44,"column":1}},"5":{"start":{"line":21,"column":2},"end":{"line":22,"column":59}},"6":{"start":{"line":22,"column":4},"end":{"line":22,"column":59}},"7":{"start":{"line":24,"column":25},"end":{"line":24,"column":36}},"8":{"start":{"line":25,"column":27},"end":{"line":25,"column":57}},"9":{"start":{"line":27,"column":24},"end":{"line":27,"column":49}},"10":{"start":{"line":29,"column":2},"end":{"line":41,"column":3}},"11":{"start":{"line":29,"column":15},"end":{"line":29,"column":16}},"12":{"start":{"line":30,"column":4},"end":{"line":40,"column":5}},"13":{"start":{"line":30,"column":17},"end":{"line":30,"column":18}},"14":{"start":{"line":31,"column":6},"end":{"line":31,"column":50}},"15":{"start":{"line":31,"column":36},"end":{"line":31,"column":50}},"16":{"start":{"line":33,"column":6},"end":{"line":37,"column":7}},"17":{"start":{"line":34,"column":8},"end":{"line":34,"column":38}},"18":{"start":{"line":35,"column":8},"end":{"line":35,"column":43}},"19":{"start":{"line":36,"column":8},"end":{"line":36,"column":29}},"20":{"start":{"line":39,"column":6},"end":{"line":39,"column":25}},"21":{"start":{"line":43,"column":2},"end":{"line":43,"column":16}}},"fnMap":{"0":{"name":"(anonymous_0)","decl":{"start":{"line":15,"column":35},"end":{"line":15,"column":36}},"loc":{"start":{"line":18,"column":12},"end":{"line":18,"column":77}},"line":18},"1":{"name":"(anonymous_1)","decl":{"start":{"line":18,"column":43},"end":{"line":18,"column":44}},"loc":{"start":{"line":18,"column":49},"end":{"line":18,"column":76}},"line":18},"2":{"name":"(anonymous_2)","decl":{"start":{"line":20,"column":30},"end":{"line":20,"column":31}},"loc":{"start":{"line":20,"column":76},"end":{"line":44,"column":1}},"line":20}},"branchMap":{"0":{"loc":{"start":{"line":17,"column":2},"end":{"line":17,"column":31}},"type":"default-arg","locations":[{"start":{"line":17,"column":16},"end":{"line":17,"column":31}}],"line":17},"1":{"loc":{"start":{"line":21,"column":2},"end":{"line":22,"column":59}},"type":"if","locations":[{"start":{"line":21,"column":2},"end":{"line":22,"column":59}},{"start":{},"end":{}}],"line":21},"2":{"loc":{"start":{"line":21,"column":6},"end":{"line":21,"column":40}},"type":"binary-expr","locations":[{"start":{"line":21,"column":6},"end":{"line":21,"column":21}},{"start":{"line":21,"column":25},"end":{"line":21,"column":40}}],"line":21},"3":{"loc":{"start":{"line":31,"column":6},"end":{"line":31,"column":50}},"type":"if","locations":[{"start":{"line":31,"column":6},"end":{"line":31,"column":50}},{"start":{},"end":{}}],"line":31},"4":{"loc":{"start":{"line":33,"column":6},"end":{"line":37,"column":7}},"type":"if","locations":[{"start":{"line":33,"column":6},"end":{"line":37,"column":7}},{"start":{},"end":{}}],"line":33}},"s":{"0":2,"1":2,"2":8,"3":24,"4":2,"5":7,"6":2,"7":5,"8":5,"9":5,"10":5,"11":5,"12":16,"13":16,"14":110,"15":3,"16":107,"17":32,"18":32,"19":32,"20":107,"21":2},"f":{"0":8,"1":24,"2":7},"b":{"0":[7],"1":[2,5],"2":[7,6],"3":[3,107],"4":[32,75]},"_coverageSchema":"1a1c01bbd47fc00a2c39e90264f33305004495a9","hash":"8fd442334d65d616d4febe00531ba2d7db6807b6"}
}
