{"/Users/v_petrovskyi/coding/minesweeper/src/mathFunctions.ts": {"path":"/Users/v_petrovskyi/coding/minesweeper/src/mathFunctions.ts","statementMap":{"0":{"start":{"line":1,"column":19},"end":{"line":1,"column":58}},"1":{"start":{"line":1,"column":53},"end":{"line":1,"column":58}}},"fnMap":{"0":{"name":"(anonymous_0)","decl":{"start":{"line":1,"column":19},"end":{"line":1,"column":20}},"loc":{"start":{"line":1,"column":53},"end":{"line":1,"column":58}},"line":1}},"branchMap":{},"s":{"0":1,"1":1},"f":{"0":1},"b":{},"_coverageSchema":"1a1c01bbd47fc00a2c39e90264f33305004495a9","hash":"af5d2460f0dae34af5c6401ddb4ac533ee5bd3e5"}
,"/Users/v_petrovskyi/coding/minesweeper/src/helpers/cellsManipulator.ts": {"path":"/Users/v_petrovskyi/coding/minesweeper/src/helpers/cellsManipulator.ts","statementMap":{"0":{"start":{"line":3,"column":32},"end":{"line":4,"column":54}},"1":{"start":{"line":4,"column":2},"end":{"line":4,"column":54}},"2":{"start":{"line":6,"column":34},"end":{"line":15,"column":2}},"3":{"start":{"line":6,"column":90},"end":{"line":15,"column":1}},"4":{"start":{"line":17,"column":35},"end":{"line":30,"column":1}},"5":{"start":{"line":18,"column":16},"end":{"line":18,"column":42}},"6":{"start":{"line":20,"column":2},"end":{"line":27,"column":3}},"7":{"start":{"line":21,"column":4},"end":{"line":26,"column":5}},"8":{"start":{"line":22,"column":21},"end":{"line":22,"column":25}},"9":{"start":{"line":23,"column":19},"end":{"line":23,"column":30}},"10":{"start":{"line":25,"column":6},"end":{"line":25,"column":69}},"11":{"start":{"line":25,"column":37},"end":{"line":25,"column":69}},"12":{"start":{"line":29,"column":2},"end":{"line":29,"column":15}}},"fnMap":{"0":{"name":"(anonymous_0)","decl":{"start":{"line":3,"column":32},"end":{"line":3,"column":33}},"loc":{"start":{"line":4,"column":2},"end":{"line":4,"column":54}},"line":4},"1":{"name":"(anonymous_1)","decl":{"start":{"line":6,"column":34},"end":{"line":6,"column":35}},"loc":{"start":{"line":6,"column":90},"end":{"line":15,"column":1}},"line":6},"2":{"name":"(anonymous_2)","decl":{"start":{"line":17,"column":35},"end":{"line":17,"column":36}},"loc":{"start":{"line":17,"column":76},"end":{"line":30,"column":1}},"line":17}},"branchMap":{"0":{"loc":{"start":{"line":4,"column":2},"end":{"line":4,"column":54}},"type":"binary-expr","locations":[{"start":{"line":4,"column":2},"end":{"line":4,"column":8}},{"start":{"line":4,"column":12},"end":{"line":4,"column":18}},{"start":{"line":4,"column":22},"end":{"line":4,"column":36}},{"start":{"line":4,"column":40},"end":{"line":4,"column":54}}],"line":4},"1":{"loc":{"start":{"line":21,"column":4},"end":{"line":26,"column":5}},"type":"if","locations":[{"start":{"line":21,"column":4},"end":{"line":26,"column":5}},{"start":{},"end":{}}],"line":21},"2":{"loc":{"start":{"line":25,"column":6},"end":{"line":25,"column":69}},"type":"if","locations":[{"start":{"line":25,"column":6},"end":{"line":25,"column":69}},{"start":{},"end":{}}],"line":25}},"s":{"0":2,"1":319,"2":2,"3":41,"4":2,"5":39,"6":39,"7":312,"8":227,"9":227,"10":227,"11":198,"12":39},"f":{"0":319,"1":41,"2":39},"b":{"0":[319,289,258,239],"1":[227,85],"2":[198,29]},"_coverageSchema":"1a1c01bbd47fc00a2c39e90264f33305004495a9","hash":"88bc471789d00bf779f509eeef46850e32509d30"}
,"/Users/v_petrovskyi/coding/minesweeper/src/helpers/field.ts": {"path":"/Users/v_petrovskyi/coding/minesweeper/src/helpers/field.ts","statementMap":{"0":{"start":{"line":7,"column":47},"end":{"line":13,"column":1}},"1":{"start":{"line":15,"column":35},"end":{"line":16,"column":67}},"2":{"start":{"line":16,"column":2},"end":{"line":16,"column":67}},"3":{"start":{"line":16,"column":39},"end":{"line":16,"column":66}},"4":{"start":{"line":18,"column":30},"end":{"line":42,"column":1}},"5":{"start":{"line":19,"column":2},"end":{"line":20,"column":59}},"6":{"start":{"line":20,"column":4},"end":{"line":20,"column":59}},"7":{"start":{"line":22,"column":25},"end":{"line":22,"column":36}},"8":{"start":{"line":23,"column":27},"end":{"line":23,"column":57}},"9":{"start":{"line":25,"column":24},"end":{"line":25,"column":49}},"10":{"start":{"line":27,"column":2},"end":{"line":39,"column":3}},"11":{"start":{"line":27,"column":15},"end":{"line":27,"column":16}},"12":{"start":{"line":28,"column":4},"end":{"line":38,"column":5}},"13":{"start":{"line":28,"column":17},"end":{"line":28,"column":18}},"14":{"start":{"line":29,"column":6},"end":{"line":29,"column":50}},"15":{"start":{"line":29,"column":36},"end":{"line":29,"column":50}},"16":{"start":{"line":31,"column":6},"end":{"line":35,"column":7}},"17":{"start":{"line":32,"column":8},"end":{"line":32,"column":37}},"18":{"start":{"line":33,"column":8},"end":{"line":33,"column":43}},"19":{"start":{"line":34,"column":8},"end":{"line":34,"column":28}},"20":{"start":{"line":37,"column":6},"end":{"line":37,"column":24}},"21":{"start":{"line":41,"column":2},"end":{"line":41,"column":15}}},"fnMap":{"0":{"name":"(anonymous_0)","decl":{"start":{"line":15,"column":35},"end":{"line":15,"column":36}},"loc":{"start":{"line":16,"column":2},"end":{"line":16,"column":67}},"line":16},"1":{"name":"(anonymous_1)","decl":{"start":{"line":16,"column":33},"end":{"line":16,"column":34}},"loc":{"start":{"line":16,"column":39},"end":{"line":16,"column":66}},"line":16},"2":{"name":"(anonymous_2)","decl":{"start":{"line":18,"column":30},"end":{"line":18,"column":31}},"loc":{"start":{"line":18,"column":76},"end":{"line":42,"column":1}},"line":18}},"branchMap":{"0":{"loc":{"start":{"line":15,"column":49},"end":{"line":15,"column":78}},"type":"default-arg","locations":[{"start":{"line":15,"column":63},"end":{"line":15,"column":78}}],"line":15},"1":{"loc":{"start":{"line":19,"column":2},"end":{"line":20,"column":59}},"type":"if","locations":[{"start":{"line":19,"column":2},"end":{"line":20,"column":59}},{"start":{},"end":{}}],"line":19},"2":{"loc":{"start":{"line":19,"column":6},"end":{"line":19,"column":40}},"type":"binary-expr","locations":[{"start":{"line":19,"column":6},"end":{"line":19,"column":21}},{"start":{"line":19,"column":25},"end":{"line":19,"column":40}}],"line":19},"3":{"loc":{"start":{"line":29,"column":6},"end":{"line":29,"column":50}},"type":"if","locations":[{"start":{"line":29,"column":6},"end":{"line":29,"column":50}},{"start":{},"end":{}}],"line":29},"4":{"loc":{"start":{"line":31,"column":6},"end":{"line":35,"column":7}},"type":"if","locations":[{"start":{"line":31,"column":6},"end":{"line":35,"column":7}},{"start":{},"end":{}}],"line":31}},"s":{"0":2,"1":2,"2":8,"3":24,"4":2,"5":7,"6":2,"7":5,"8":5,"9":5,"10":5,"11":5,"12":16,"13":16,"14":106,"15":3,"16":103,"17":32,"18":32,"19":32,"20":103,"21":2},"f":{"0":8,"1":24,"2":7},"b":{"0":[7],"1":[2,5],"2":[7,6],"3":[3,103],"4":[32,71]},"_coverageSchema":"1a1c01bbd47fc00a2c39e90264f33305004495a9","hash":"a042b527ba9a35a1e66cb43e690423f82d7c48c8"}
}
