TN:
SF:src\helpers\cellsManipulator.ts
FN:3,(anonymous_0)
FN:6,(anonymous_1)
FN:20,(anonymous_2)
FNF:3
FNH:3
FNDA:319,(anonymous_0)
FNDA:41,(anonymous_1)
FNDA:39,(anonymous_2)
DA:3,2
DA:4,319
DA:6,2
DA:9,41
DA:20,2
DA:21,39
DA:23,39
DA:24,312
DA:25,221
DA:26,221
DA:28,221
DA:32,39
LF:12
LH:12
BRDA:4,0,0,319
BRDA:4,0,1,286
BRDA:4,0,2,252
BRDA:4,0,3,230
BRDA:24,1,0,221
BRDA:24,1,1,91
BRDA:28,2,0,194
BRDA:28,2,1,27
BRF:8
BRH:8
end_of_record
TN:
SF:src\helpers\field.ts
FN:15,(anonymous_0)
FN:18,(anonymous_1)
FN:20,(anonymous_2)
FNF:3
FNH:3
FNDA:8,(anonymous_0)
FNDA:24,(anonymous_1)
FNDA:7,(anonymous_2)
DA:7,2
DA:15,2
DA:18,24
DA:20,2
DA:21,7
DA:22,2
DA:24,5
DA:25,5
DA:27,5
DA:29,5
DA:30,16
DA:31,110
DA:33,107
DA:34,32
DA:35,32
DA:36,32
DA:39,107
DA:43,2
LF:18
LH:18
BRDA:17,0,0,7
BRDA:21,1,0,2
BRDA:21,1,1,5
BRDA:21,2,0,7
BRDA:21,2,1,6
BRDA:31,3,0,3
BRDA:31,3,1,107
BRDA:33,4,0,32
BRDA:33,4,1,75
BRF:9
BRH:9
end_of_record
