TN:
SF:src/mathFunctions.ts
FN:1,(anonymous_0)
FNF:1
FNH:1
FNDA:1,(anonymous_0)
DA:1,1
LF:1
LH:1
BRF:0
BRH:0
end_of_record
TN:
SF:src/helpers/cellsManipulator.ts
FN:3,(anonymous_0)
FN:6,(anonymous_1)
FN:17,(anonymous_2)
FNF:3
FNH:3
FNDA:319,(anonymous_0)
FNDA:41,(anonymous_1)
FNDA:39,(anonymous_2)
DA:3,2
DA:4,319
DA:6,41
DA:17,2
DA:18,39
DA:20,39
DA:21,312
DA:22,227
DA:23,227
DA:25,227
DA:29,39
LF:11
LH:11
BRDA:4,0,0,319
BRDA:4,0,1,289
BRDA:4,0,2,258
BRDA:4,0,3,239
BRDA:21,1,0,227
BRDA:21,1,1,85
BRDA:25,2,0,198
BRDA:25,2,1,29
BRF:8
BRH:8
end_of_record
TN:
SF:src/helpers/field.ts
FN:15,(anonymous_0)
FN:16,(anonymous_1)
FN:18,(anonymous_2)
FNF:3
FNH:3
FNDA:8,(anonymous_0)
FNDA:24,(anonymous_1)
FNDA:7,(anonymous_2)
DA:7,2
DA:15,2
DA:16,24
DA:18,2
DA:19,7
DA:20,2
DA:22,5
DA:23,5
DA:25,5
DA:27,5
DA:28,16
DA:29,106
DA:31,103
DA:32,32
DA:33,32
DA:34,32
DA:37,103
DA:41,2
LF:18
LH:18
BRDA:15,0,0,7
BRDA:19,1,0,2
BRDA:19,1,1,5
BRDA:19,2,0,7
BRDA:19,2,1,6
BRDA:29,3,0,3
BRDA:29,3,1,103
BRDA:31,4,0,32
BRDA:31,4,1,71
BRF:9
BRH:9
end_of_record
